2021-01-17 21:17:15  [TC1] (main:) login sucessful for tc1
2021-01-17 21:21:07  [TC1] (main:) login sucessful for tc1
2021-01-17 21:21:23  [TC1] (main:) tc1 passed
2021-01-17 23:20:01  [TC5] (main:) login sucessful for TC5
2021-01-17 23:20:31  [TC5] (main:) TC5 passed
2021-01-17 23:21:51  [TC7] (main:) login sucessful for TC7
2021-01-17 23:22:13  [TC7] (main:) TC7 passed
2021-01-17 23:23:39  [TC1] (main:) login sucessful for tc2
2021-01-17 23:24:19  [TC2] (main:) login sucessful for tC2
2021-01-17 23:24:53  [TC2] (main:) TC2 passed
2021-01-17 23:26:13  [TC3] (main:) login sucessful for tC3
2021-01-17 23:26:47  [TC3] (main:) TC3 passed
2021-01-18 12:25:36  [TC5] (main:) login sucessful for TC5
2021-01-18 12:26:06  [TC5] (main:) TC5 passed
2021-01-18 12:26:45  [TC6] (main:) login sucessful for TC6
2021-01-18 12:27:16  [TC6] (main:) TC6 passed
2021-01-18 12:27:54  [TC7] (main:) login sucessful for TC7
2021-01-18 12:28:09  [TC7] (main:) TC7 passed
2021-01-18 12:28:46  [TC8] (main:) login sucessful for TC8
2021-01-18 12:29:00  [TC8] (main:) TC8 passed
2021-01-18 12:29:39  [TC1] (main:) login sucessful for tc1
2021-01-18 12:29:53  [TC1] (main:) tc1 passed
2021-01-18 12:30:25  [TC2] (main:) login sucessful for tC2
2021-01-18 12:30:43  [TC2] (main:) TC2 passed
2021-01-18 12:31:15  [TC3] (main:) login sucessful for tC3
2021-01-18 12:31:33  [TC3] (main:) TC3 passed
2021-01-18 12:32:09  [TC4] (main:) login sucessful for TC4
2021-01-18 12:32:38  [TC4] (main:) TC4 passed
2021-01-18 14:52:11  [TC4] (main:) login sucessful for TC4
2021-01-18 14:52:38  [TC4] (main:) TC4 passed
2021-01-20 17:20:11  [TC1] (main:) login sucessful for tc1
2021-01-20 17:20:28  [TC1] (main:) tc1 passed
2021-01-22 15:54:58  [TC4] (main:) login sucessful for TC4
2021-01-22 15:56:07  [TC4] (main:) login sucessful for TC4
2021-01-22 16:04:57  [TC4] (main:) login sucessful for TC4
2021-01-22 16:06:34  [TC4] (main:) login sucessful for TC4
2021-01-22 16:06:56  [TC4] (main:) TC4 passed
2021-01-22 16:07:53  [TC4] (main:) login sucessful for TC4
2021-01-22 17:07:56  [TC4] (main:) login sucessful for TC4
2021-01-22 17:09:29  [TC4] (main:) login sucessful for TC4
2021-01-22 17:09:54  [TC4] (main:) TC4 passed
2021-01-22 17:10:50  [TC4] (main:) login sucessful for TC4
2021-01-22 17:11:15  [TC4] (main:) TC4 passed
2021-01-22 17:12:54  [TC4] (main:) login sucessful for TC4
2021-01-22 17:13:20  [TC4] (main:) TC4 passed
2021-01-22 17:15:08  [TC4] (main:) login sucessful for TC4
2021-01-22 17:15:33  [TC4] (main:) TC4 passed
2021-01-22 17:17:16  [TC4] (main:) login sucessful for TC4
2021-01-22 17:17:36  [TC4] (main:) TC4 passed
2021-01-22 17:18:33  [TC4] (main:) login sucessful for TC4
2021-01-22 17:19:21  [TC4] (main:) login sucessful for TC4
2021-01-22 17:20:20  [TC4] (main:) login sucessful for TC4
2021-01-22 17:20:50  [TC4] (main:) TC4 passed
2021-01-22 17:32:31  [TC1] (main:) login sucessful for tc1
2021-01-22 17:32:45  [TC1] (main:) tc1 passed
2021-01-22 17:33:50  [TC5] (main:) login sucessful for TC5
2021-01-22 17:34:22  [TC5] (main:) TC5 passed
2021-01-22 17:35:08  [TC6] (main:) login sucessful for TC6
2021-01-22 17:35:44  [TC6] (main:) TC6 passed
2021-01-22 17:38:20  [TC5] (main:) login sucessful for TC5
2021-01-22 17:38:57  [TC5] (main:) TC5 passed
2021-01-22 17:39:57  [TC6] (main:) login sucessful for TC6
2021-01-22 17:40:35  [TC6] (main:) TC6 passed
2021-01-22 17:41:14  [TC7] (main:) login sucessful for TC7
2021-01-22 17:41:28  [TC7] (main:) TC7 passed
2021-01-22 17:42:05  [TC8] (main:) login sucessful for TC8
2021-01-22 17:42:19  [TC8] (main:) TC8 passed
2021-01-22 17:42:54  [TC1] (main:) login sucessful for tc1
2021-01-22 17:43:08  [TC1] (main:) tc1 passed
2021-01-22 17:43:41  [TC2] (main:) login sucessful for tC2
2021-01-22 17:43:59  [TC2] (main:) TC2 passed
2021-01-22 17:44:32  [TC3] (main:) login sucessful for tC3
2021-01-22 17:44:49  [TC3] (main:) TC3 passed
2021-01-22 17:45:26  [TC4] (main:) login sucessful for TC4
2021-01-22 17:45:46  [TC4] (main:) TC4 passed
2021-01-22 19:00:07  [TC1] (main:) login sucessful for tc1
2021-01-22 19:00:22  [TC1] (main:) tc1 passed
2021-01-22 19:00:59  [TC2] (main:) login sucessful for tC2
2021-01-22 19:01:16  [TC2] (main:) TC2 passed
2021-01-22 19:01:56  [TC5] (main:) login sucessful for TC5
2021-01-22 19:02:20  [TC5] (main:) TC5 passed
2021-01-22 19:02:59  [TC6] (main:) login sucessful for TC6
2021-01-22 19:03:34  [TC6] (main:) TC6 passed
2021-01-23 13:15:14  [TC1] (main:) login sucessful for tc1
2021-01-23 13:15:33  [TC1] (main:) tc1 passed
2021-01-23 13:16:21  [TC2] (main:) login sucessful for tC2
2021-01-23 13:16:46  [TC2] (main:) TC2 passed
2021-01-23 13:17:28  [TC5] (main:) login sucessful for TC5
2021-01-23 13:18:00  [TC5] (main:) TC5 passed
2021-01-23 13:22:57  [TC1] (main:) login sucessful for tc1
2021-01-23 13:23:14  [TC1] (main:) tc1 passed
2021-01-23 13:23:47  [TC2] (main:) login sucessful for tC2
2021-01-23 13:24:03  [TC2] (main:) TC2 passed
2021-01-23 13:24:38  [TC5] (main:) login sucessful for TC5
2021-01-23 13:25:35  [TC6] (main:) login sucessful for TC6
2021-01-23 13:26:07  [TC6] (main:) TC6 passed
2021-01-23 15:07:25  [TC1] (main:) login sucessful for tc1
2021-01-23 15:07:41  [TC1] (main:) tc1 passed
2021-01-23 15:08:13  [TC2] (main:) login sucessful for tC2
2021-01-23 15:08:30  [TC2] (main:) TC2 passed
2021-01-23 15:09:02  [TC3] (main:) login sucessful for tC3
2021-01-23 15:09:20  [TC3] (main:) TC3 passed
2021-01-23 15:09:56  [TC4] (main:) login sucessful for TC4
2021-01-23 15:10:16  [TC4] (main:) TC4 passed
2021-01-23 15:17:47  [TC1] (main:) login sucessful for tc1
2021-01-23 15:18:21  [TC3] (main:) login sucessful for tC3
2021-01-23 15:19:13  [TC3] (main:) TC3 passed
2021-01-23 15:22:52  [TC5] (main:) login sucessful for TC5
2021-01-23 15:23:47  [TC7] (main:) login sucessful for TC7
2021-01-23 15:24:03  [TC7] (main:) TC7 passed
2021-01-23 15:25:01  [TC1] (main:) login sucessful for tc1
2021-01-23 15:25:15  [TC1] (main:) tc1 passed
2021-01-23 15:25:46  [TC3] (main:) login sucessful for tC3
2021-01-23 15:26:20  [TC5] (main:) login sucessful for TC5
2021-01-23 15:26:46  [TC5] (main:) TC5 passed
2021-01-23 15:27:21  [TC7] (main:) login sucessful for TC7
2021-01-23 15:27:35  [TC7] (main:) TC7 passed
2021-01-23 15:28:17  [TC1] (main:) login sucessful for tc1
2021-01-23 15:28:31  [TC1] (main:) tc1 passed
2021-01-23 15:28:59  [TC3] (main:) login sucessful for tC3
2021-01-23 15:29:16  [TC3] (main:) TC3 passed
2021-01-23 15:29:50  [TC5] (main:) login sucessful for TC5
2021-01-23 15:30:16  [TC5] (main:) TC5 passed
2021-01-23 15:30:52  [TC7] (main:) login sucessful for TC7
2021-01-23 15:31:08  [TC7] (main:) TC7 passed
2021-01-27 14:42:49  [TC1] (main:) login sucessful for tc1
2021-01-27 14:43:05  [TC1] (main:) tc1 passed
2021-01-27 14:49:40  [TC1] (main:) login sucessful for tc1
2021-01-27 14:51:23  [TC1] (main:) login sucessful for tc1
2021-01-27 16:02:28  [TC2] (main:) login sucessful for tC2
2021-01-27 16:02:39  [TC2] (main:) TC2 passed
2021-02-05 21:26:52  [TC1] (main:) login sucessful for tc1
2021-02-05 21:27:07  [TC1] (main:) tc1 passed
2021-02-05 21:27:38  [TC3] (main:) login sucessful for tC3
2021-02-05 21:28:11  [TC3] (main:) TC3 passed
2021-02-05 21:29:05  [TC5] (main:) login sucessful for TC5
2021-02-05 21:30:29  [TC7] (main:) login sucessful for TC7
2021-02-05 21:30:44  [TC7] (main:) TC7 passed
2021-02-05 21:32:29  [TC1] (main:) login sucessful for tc1
2021-02-05 21:32:44  [TC1] (main:) tc1 passed
2021-02-05 21:33:51  [TC5] (main:) login sucessful for TC5
2021-02-05 21:35:58  [TC6] (main:) login sucessful for TC6
2021-02-05 21:36:34  [TC6] (main:) TC6 passed
2021-02-05 21:38:01  [TC1] (main:) login sucessful for tc1
2021-02-05 21:38:17  [TC1] (main:) tc1 passed
2021-02-05 21:39:59  [TC4] (main:) login sucessful for TC4
2021-02-05 21:40:26  [TC4] (main:) TC4 passed
2021-02-06 18:08:24  [TC5] (main:) login sucessful for TC5
2021-02-06 18:08:52  [TC5] (main:) TC5 passed
2021-02-06 18:09:32  [TC6] (main:) login sucessful for TC6
2021-02-06 18:10:08  [TC6] (main:) TC6 passed
2021-02-06 18:11:06  [TC7] (main:) login sucessful for TC7
2021-02-06 18:11:21  [TC7] (main:) TC7 passed
2021-02-06 18:12:03  [TC8] (main:) login sucessful for TC8
2021-02-06 18:12:18  [TC8] (main:) TC8 passed
2021-02-06 18:12:59  [TC1] (main:) login sucessful for tc1
2021-02-06 18:13:14  [TC1] (main:) tc1 passed
2021-02-06 18:13:50  [TC2] (main:) login sucessful for tC2
2021-02-06 18:14:09  [TC2] (main:) TC2 passed
2021-02-06 18:14:47  [TC3] (main:) login sucessful for tC3
2021-02-06 18:15:07  [TC3] (main:) TC3 passed
2021-02-06 18:15:49  [TC4] (main:) login sucessful for TC4
2021-02-06 18:16:10  [TC4] (main:) TC4 passed
